Build started 04.10.2025 20:14:16.
     1>Project "C:\HSE\Eco.Lab1\AssemblyFiles\Windows\VisualStudio_10\Eco.Lab1UnitTest.vcxproj" on node 2 (build target(s)).
     1>InitializeBuildStatus:
         Touching "Eco.Lab1UnitTest\DynamicDebug\Eco.Lab1UnitTest.unsuccessfulbuild".
       ClCompile:
         C:\Program Files (x86)\Microsoft Visual Studio 10.0\VC\bin\CL.exe /c /I..\..\..\SharedFiles /I..\..\..\HeaderFiles /IC:\HSE\Eco.Framework\Eco.Core1\SharedFiles /IC:\HSE\Eco.Framework\Eco.InterfaceBus1\SharedFiles /IC:\HSE\Eco.Framework\Eco.System1\SharedFiles /IC:\HSE\Eco.Framework\Eco.MemoryManager1\SharedFiles /IC:\HSE\Eco.Framework\Eco.FileSystemManagement1\SharedFiles /IC:\HSE\Eco.Framework\Eco.List1\SharedFiles /ZI /nologo /W3 /WX- /Od /Oy- /D WIN32 /D _DEBUG /D _CONSOLE /D UGUID_UTILITY /D ECO_X86_32 /D ECO_WINDOWS /D ECO_WIN32 /D ECO_DLL /D _UNICODE /D UNICODE /Gm /EHsc /RTC1 /MTd /GS /fp:precise /Zc:wchar_t /Zc:forScope /Fo"Eco.Lab1UnitTest\DynamicDebug\\" /Fd"Eco.Lab1UnitTest\DynamicDebug\vc100.pdb" /Gz /TC /analyze- /errorReport:prompt ..\..\..\UnitTestFiles\SourceFiles\EcoLab1.c
         EcoLab1.c
     1>c:\hse\eco.lab1\unittestfiles\sourcefiles\ecolab1.c(167): warning C4020: 'function through pointer' : too many actual parameters
     1>c:\hse\eco.lab1\unittestfiles\sourcefiles\ecolab1.c(250): warning C4020: 'function through pointer' : too many actual parameters
     1>c:\hse\eco.lab1\unittestfiles\sourcefiles\ecolab1.c(297): warning C4020: 'function through pointer' : too many actual parameters
     1>c:\hse\eco.lab1\unittestfiles\sourcefiles\ecolab1.c(382): warning C4047: 'function' : 'size_t' differs in levels of indirection from 'char_t **'
     1>c:\hse\eco.lab1\unittestfiles\sourcefiles\ecolab1.c(382): warning C4024: 'function through pointer' : different types for formal and actual parameter 3
     1>c:\hse\eco.lab1\unittestfiles\sourcefiles\ecolab1.c(382): error C2198: 'function through pointer' : too few arguments for call
     1>Done Building Project "C:\HSE\Eco.Lab1\AssemblyFiles\Windows\VisualStudio_10\Eco.Lab1UnitTest.vcxproj" (build target(s)) -- FAILED.

Build FAILED.

Time Elapsed 00:00:00.22
